2021-11-01 11:17:33 INFO  [com.openpayd.exchange.ExchangeApiApplication|main] com.openpayd.exchange.ExchangeApiApplication - Starting ExchangeApiApplication using Java 11.0.7 on CLAIRIST1-00063 with PID 31004 (C:\Users\zafer.duzen\projects\ExchangeApi\target\classes started by zafer.duzen in C:\Users\zafer.duzen\projects\ExchangeApi) 
2021-11-01 11:17:33 DEBUG [com.openpayd.exchange.ExchangeApiApplication|main] com.openpayd.exchange.ExchangeApiApplication - Running with Spring Boot v2.5.6, Spring v5.3.12 
2021-11-01 11:17:33 INFO  [com.openpayd.exchange.ExchangeApiApplication|main] com.openpayd.exchange.ExchangeApiApplication - No active profile set, falling back to default profiles: default 
2021-11-01 11:19:42 INFO  [com.openpayd.exchange.ExchangeApiApplication|main] com.openpayd.exchange.ExchangeApiApplication - Starting ExchangeApiApplication using Java 11.0.7 on CLAIRIST1-00063 with PID 31780 (C:\Users\zafer.duzen\projects\ExchangeApi\target\classes started by zafer.duzen in C:\Users\zafer.duzen\projects\ExchangeApi) 
2021-11-01 11:19:42 DEBUG [com.openpayd.exchange.ExchangeApiApplication|main] com.openpayd.exchange.ExchangeApiApplication - Running with Spring Boot v2.5.6, Spring v5.3.12 
2021-11-01 11:19:42 INFO  [com.openpayd.exchange.ExchangeApiApplication|main] com.openpayd.exchange.ExchangeApiApplication - No active profile set, falling back to default profiles: default 
2021-11-01 11:19:47 INFO  [com.openpayd.exchange.ExchangeApiApplication|main] com.openpayd.exchange.ExchangeApiApplication - Started ExchangeApiApplication in 5.602 seconds (JVM running for 8.53) 
2021-11-01 11:27:14 INFO  [com.openpayd.exchange.controller.RateControllerITest|main] com.openpayd.exchange.controller.RateControllerITest - Starting RateControllerITest using Java 11.0.7 on CLAIRIST1-00063 with PID 29516 (started by zafer.duzen in C:\Users\zafer.duzen\projects\ExchangeApi) 
2021-11-01 11:27:14 DEBUG [com.openpayd.exchange.controller.RateControllerITest|main] com.openpayd.exchange.controller.RateControllerITest - Running with Spring Boot v2.5.6, Spring v5.3.12 
2021-11-01 11:27:14 INFO  [com.openpayd.exchange.controller.RateControllerITest|main] com.openpayd.exchange.controller.RateControllerITest - No active profile set, falling back to default profiles: default 
2021-11-01 11:27:58 INFO  [com.openpayd.exchange.controller.RateControllerITest|main] com.openpayd.exchange.controller.RateControllerITest - Starting RateControllerITest using Java 11.0.7 on CLAIRIST1-00063 with PID 31520 (started by zafer.duzen in C:\Users\zafer.duzen\projects\ExchangeApi) 
2021-11-01 11:27:58 DEBUG [com.openpayd.exchange.controller.RateControllerITest|main] com.openpayd.exchange.controller.RateControllerITest - Running with Spring Boot v2.5.6, Spring v5.3.12 
2021-11-01 11:27:58 INFO  [com.openpayd.exchange.controller.RateControllerITest|main] com.openpayd.exchange.controller.RateControllerITest - No active profile set, falling back to default profiles: default 
2021-11-01 11:28:07 INFO  [com.openpayd.exchange.controller.RateControllerITest|main] com.openpayd.exchange.controller.RateControllerITest - Started RateControllerITest in 9.789 seconds (JVM running for 11.742) 
2021-11-01 11:28:44 INFO  [com.openpayd.exchange.controller.RateControllerITest|main] com.openpayd.exchange.controller.RateControllerITest - Starting RateControllerITest using Java 11.0.7 on CLAIRIST1-00063 with PID 1928 (started by zafer.duzen in C:\Users\zafer.duzen\projects\ExchangeApi) 
2021-11-01 11:28:44 DEBUG [com.openpayd.exchange.controller.RateControllerITest|main] com.openpayd.exchange.controller.RateControllerITest - Running with Spring Boot v2.5.6, Spring v5.3.12 
2021-11-01 11:28:44 INFO  [com.openpayd.exchange.controller.RateControllerITest|main] com.openpayd.exchange.controller.RateControllerITest - No active profile set, falling back to default profiles: default 
2021-11-01 11:28:52 INFO  [com.openpayd.exchange.controller.RateControllerITest|main] com.openpayd.exchange.controller.RateControllerITest - Started RateControllerITest in 9.272 seconds (JVM running for 11.284) 
2021-11-01 11:31:40 DEBUG [com.openpayd.exchange.service.CurrencyProviderService|http-nio-8000-exec-7] com.openpayd.exchange.service.CurrencyProviderService - Get rate response: Currency(base=null, date=null, rates=null) 
2021-11-01 11:32:35 INFO  [com.openpayd.exchange.controller.RateControllerITest|main] com.openpayd.exchange.controller.RateControllerITest - Starting RateControllerITest using Java 11.0.7 on CLAIRIST1-00063 with PID 26932 (started by zafer.duzen in C:\Users\zafer.duzen\projects\ExchangeApi) 
2021-11-01 11:32:35 DEBUG [com.openpayd.exchange.controller.RateControllerITest|main] com.openpayd.exchange.controller.RateControllerITest - Running with Spring Boot v2.5.6, Spring v5.3.12 
2021-11-01 11:32:35 INFO  [com.openpayd.exchange.controller.RateControllerITest|main] com.openpayd.exchange.controller.RateControllerITest - No active profile set, falling back to default profiles: default 
2021-11-01 11:32:43 INFO  [com.openpayd.exchange.controller.RateControllerITest|main] com.openpayd.exchange.controller.RateControllerITest - Started RateControllerITest in 8.291 seconds (JVM running for 10.69) 
2021-11-01 11:41:33 INFO  [com.openpayd.exchange.ExchangeApiApplication|main] com.openpayd.exchange.ExchangeApiApplication - Starting ExchangeApiApplication using Java 11.0.7 on CLAIRIST1-00063 with PID 33408 (C:\Users\zafer.duzen\projects\ExchangeApi\target\classes started by zafer.duzen in C:\Users\zafer.duzen\projects\ExchangeApi) 
2021-11-01 11:41:33 DEBUG [com.openpayd.exchange.ExchangeApiApplication|main] com.openpayd.exchange.ExchangeApiApplication - Running with Spring Boot v2.5.6, Spring v5.3.12 
2021-11-01 11:41:33 INFO  [com.openpayd.exchange.ExchangeApiApplication|main] com.openpayd.exchange.ExchangeApiApplication - No active profile set, falling back to default profiles: default 
2021-11-01 11:41:38 INFO  [com.openpayd.exchange.ExchangeApiApplication|main] com.openpayd.exchange.ExchangeApiApplication - Started ExchangeApiApplication in 4.988 seconds (JVM running for 7.856) 
2021-11-01 11:42:52 DEBUG [com.openpayd.exchange.service.CurrencyProviderService|http-nio-8000-exec-1] com.openpayd.exchange.service.CurrencyProviderService - Get rate response: Currency(base=null, date=null, rates=null) 
2021-11-01 11:43:05 INFO  [com.openpayd.exchange.ExchangeApiApplication|main] com.openpayd.exchange.ExchangeApiApplication - Starting ExchangeApiApplication using Java 11.0.7 on CLAIRIST1-00063 with PID 31856 (C:\Users\zafer.duzen\projects\ExchangeApi\target\classes started by zafer.duzen in C:\Users\zafer.duzen\projects\ExchangeApi) 
2021-11-01 11:43:05 DEBUG [com.openpayd.exchange.ExchangeApiApplication|main] com.openpayd.exchange.ExchangeApiApplication - Running with Spring Boot v2.5.6, Spring v5.3.12 
2021-11-01 11:43:05 INFO  [com.openpayd.exchange.ExchangeApiApplication|main] com.openpayd.exchange.ExchangeApiApplication - No active profile set, falling back to default profiles: default 
2021-11-01 11:43:11 INFO  [com.openpayd.exchange.ExchangeApiApplication|main] com.openpayd.exchange.ExchangeApiApplication - Started ExchangeApiApplication in 5.812 seconds (JVM running for 7.218) 
2021-11-01 11:43:16 DEBUG [com.openpayd.exchange.service.CurrencyProviderService|http-nio-8000-exec-2] com.openpayd.exchange.service.CurrencyProviderService - Get rate response: Currency(base=null, date=null, rates=null) 
2021-11-01 11:44:03 DEBUG [com.openpayd.exchange.service.CurrencyProviderService|http-nio-8000-exec-7] com.openpayd.exchange.service.CurrencyProviderService - Get rate response: Currency(base=null, date=null, rates=null) 
2021-11-01 11:45:59 INFO  [com.openpayd.exchange.ExchangeApiApplication|main] com.openpayd.exchange.ExchangeApiApplication - Starting ExchangeApiApplication using Java 11.0.7 on CLAIRIST1-00063 with PID 28820 (C:\Users\zafer.duzen\projects\ExchangeApi\target\classes started by zafer.duzen in C:\Users\zafer.duzen\projects\ExchangeApi) 
2021-11-01 11:45:59 DEBUG [com.openpayd.exchange.ExchangeApiApplication|main] com.openpayd.exchange.ExchangeApiApplication - Running with Spring Boot v2.5.6, Spring v5.3.12 
2021-11-01 11:45:59 INFO  [com.openpayd.exchange.ExchangeApiApplication|main] com.openpayd.exchange.ExchangeApiApplication - No active profile set, falling back to default profiles: default 
2021-11-01 11:46:03 INFO  [com.openpayd.exchange.ExchangeApiApplication|main] com.openpayd.exchange.ExchangeApiApplication - Started ExchangeApiApplication in 4.158 seconds (JVM running for 5.46) 
2021-11-01 11:48:27 INFO  [com.openpayd.exchange.ExchangeApiApplication|main] com.openpayd.exchange.ExchangeApiApplication - Starting ExchangeApiApplication using Java 11.0.7 on CLAIRIST1-00063 with PID 30232 (C:\Users\zafer.duzen\projects\ExchangeApi\target\classes started by zafer.duzen in C:\Users\zafer.duzen\projects\ExchangeApi) 
2021-11-01 11:48:27 DEBUG [com.openpayd.exchange.ExchangeApiApplication|main] com.openpayd.exchange.ExchangeApiApplication - Running with Spring Boot v2.5.6, Spring v5.3.12 
2021-11-01 11:48:27 INFO  [com.openpayd.exchange.ExchangeApiApplication|main] com.openpayd.exchange.ExchangeApiApplication - No active profile set, falling back to default profiles: default 
2021-11-01 11:48:31 INFO  [com.openpayd.exchange.ExchangeApiApplication|main] com.openpayd.exchange.ExchangeApiApplication - Started ExchangeApiApplication in 4.279 seconds (JVM running for 6.205) 
2021-11-01 11:49:00 DEBUG [com.openpayd.exchange.service.CurrencyProviderService|http-nio-8000-exec-4] com.openpayd.exchange.service.CurrencyProviderService - Get rate response: Currency(base=null, date=null, rates=null) 
2021-11-01 11:49:48 INFO  [com.openpayd.exchange.controller.RateControllerITest|main] com.openpayd.exchange.controller.RateControllerITest - Starting RateControllerITest using Java 11.0.7 on CLAIRIST1-00063 with PID 32204 (started by zafer.duzen in C:\Users\zafer.duzen\projects\ExchangeApi) 
2021-11-01 11:49:48 DEBUG [com.openpayd.exchange.controller.RateControllerITest|main] com.openpayd.exchange.controller.RateControllerITest - Running with Spring Boot v2.5.6, Spring v5.3.12 
2021-11-01 11:49:48 INFO  [com.openpayd.exchange.controller.RateControllerITest|main] com.openpayd.exchange.controller.RateControllerITest - No active profile set, falling back to default profiles: default 
2021-11-01 11:49:58 INFO  [com.openpayd.exchange.controller.RateControllerITest|main] com.openpayd.exchange.controller.RateControllerITest - Started RateControllerITest in 10.568 seconds (JVM running for 12.652) 
2021-11-01 11:50:10 INFO  [com.openpayd.exchange.controller.RateControllerITest|main] com.openpayd.exchange.controller.RateControllerITest - Starting RateControllerITest using Java 11.0.7 on CLAIRIST1-00063 with PID 8956 (started by zafer.duzen in C:\Users\zafer.duzen\projects\ExchangeApi) 
2021-11-01 11:50:10 DEBUG [com.openpayd.exchange.controller.RateControllerITest|main] com.openpayd.exchange.controller.RateControllerITest - Running with Spring Boot v2.5.6, Spring v5.3.12 
2021-11-01 11:50:10 INFO  [com.openpayd.exchange.controller.RateControllerITest|main] com.openpayd.exchange.controller.RateControllerITest - No active profile set, falling back to default profiles: default 
2021-11-01 11:50:20 INFO  [com.openpayd.exchange.controller.RateControllerITest|main] com.openpayd.exchange.controller.RateControllerITest - Started RateControllerITest in 10.549 seconds (JVM running for 12.869) 
2021-11-01 11:52:17 INFO  [com.openpayd.exchange.controller.RateControllerITest|main] com.openpayd.exchange.controller.RateControllerITest - Starting RateControllerITest using Java 11.0.7 on CLAIRIST1-00063 with PID 4832 (started by zafer.duzen in C:\Users\zafer.duzen\projects\ExchangeApi) 
2021-11-01 11:52:17 DEBUG [com.openpayd.exchange.controller.RateControllerITest|main] com.openpayd.exchange.controller.RateControllerITest - Running with Spring Boot v2.5.6, Spring v5.3.12 
2021-11-01 11:52:17 INFO  [com.openpayd.exchange.controller.RateControllerITest|main] com.openpayd.exchange.controller.RateControllerITest - No active profile set, falling back to default profiles: default 
2021-11-01 11:52:25 INFO  [com.openpayd.exchange.controller.RateControllerITest|main] com.openpayd.exchange.controller.RateControllerITest - Started RateControllerITest in 8.889 seconds (JVM running for 11.227) 
2021-11-01 12:08:24 INFO  [com.openpayd.exchange.controller.RateControllerITest|main] com.openpayd.exchange.controller.RateControllerITest - Starting RateControllerITest using Java 11.0.7 on CLAIRIST1-00063 with PID 26712 (started by zafer.duzen in C:\Users\zafer.duzen\projects\ExchangeApi) 
2021-11-01 12:08:24 DEBUG [com.openpayd.exchange.controller.RateControllerITest|main] com.openpayd.exchange.controller.RateControllerITest - Running with Spring Boot v2.5.6, Spring v5.3.12 
2021-11-01 12:08:24 INFO  [com.openpayd.exchange.controller.RateControllerITest|main] com.openpayd.exchange.controller.RateControllerITest - No active profile set, falling back to default profiles: default 
2021-11-01 12:08:33 INFO  [com.openpayd.exchange.controller.RateControllerITest|main] com.openpayd.exchange.controller.RateControllerITest - Started RateControllerITest in 9.457 seconds (JVM running for 12.491) 
2021-11-01 12:08:41 DEBUG [com.openpayd.exchange.service.CurrencyProviderService|main] com.openpayd.exchange.service.CurrencyProviderService - Get rate response: Currency(base=USD, date=2021-10-31, rates={TR=9.72007}) 
2021-11-01 12:09:13 INFO  [com.openpayd.exchange.controller.RateControllerITest|main] com.openpayd.exchange.controller.RateControllerITest - Starting RateControllerITest using Java 11.0.7 on CLAIRIST1-00063 with PID 29412 (started by zafer.duzen in C:\Users\zafer.duzen\projects\ExchangeApi) 
2021-11-01 12:09:13 DEBUG [com.openpayd.exchange.controller.RateControllerITest|main] com.openpayd.exchange.controller.RateControllerITest - Running with Spring Boot v2.5.6, Spring v5.3.12 
2021-11-01 12:09:13 INFO  [com.openpayd.exchange.controller.RateControllerITest|main] com.openpayd.exchange.controller.RateControllerITest - No active profile set, falling back to default profiles: default 
2021-11-01 12:09:27 INFO  [com.openpayd.exchange.controller.RateControllerITest|main] com.openpayd.exchange.controller.RateControllerITest - Started RateControllerITest in 14.194 seconds (JVM running for 18.111) 
2021-11-01 12:09:31 DEBUG [com.openpayd.exchange.service.CurrencyProviderService|main] com.openpayd.exchange.service.CurrencyProviderService - Get rate response: Currency(base=USD, date=2021-10-31, rates={TR=9.72007}) 
2021-11-01 12:10:40 INFO  [com.openpayd.exchange.controller.RateControllerITest|main] com.openpayd.exchange.controller.RateControllerITest - Starting RateControllerITest using Java 11.0.7 on CLAIRIST1-00063 with PID 31800 (started by zafer.duzen in C:\Users\zafer.duzen\projects\ExchangeApi) 
2021-11-01 12:10:40 DEBUG [com.openpayd.exchange.controller.RateControllerITest|main] com.openpayd.exchange.controller.RateControllerITest - Running with Spring Boot v2.5.6, Spring v5.3.12 
2021-11-01 12:10:40 INFO  [com.openpayd.exchange.controller.RateControllerITest|main] com.openpayd.exchange.controller.RateControllerITest - No active profile set, falling back to default profiles: default 
2021-11-01 12:10:52 INFO  [com.openpayd.exchange.controller.RateControllerITest|main] com.openpayd.exchange.controller.RateControllerITest - Started RateControllerITest in 12.873 seconds (JVM running for 15.344) 
2021-11-01 12:12:15 DEBUG [com.openpayd.exchange.service.CurrencyProviderService|main] com.openpayd.exchange.service.CurrencyProviderService - Get rate response: Currency(base=USD, date=2021-10-31, rates={TRY=9.72007}) 
2021-11-01 12:13:01 INFO  [com.openpayd.exchange.controller.RateControllerITest|main] com.openpayd.exchange.controller.RateControllerITest - Starting RateControllerITest using Java 11.0.7 on CLAIRIST1-00063 with PID 28400 (started by zafer.duzen in C:\Users\zafer.duzen\projects\ExchangeApi) 
2021-11-01 12:13:01 DEBUG [com.openpayd.exchange.controller.RateControllerITest|main] com.openpayd.exchange.controller.RateControllerITest - Running with Spring Boot v2.5.6, Spring v5.3.12 
2021-11-01 12:13:01 INFO  [com.openpayd.exchange.controller.RateControllerITest|main] com.openpayd.exchange.controller.RateControllerITest - No active profile set, falling back to default profiles: default 
2021-11-01 12:13:09 INFO  [com.openpayd.exchange.controller.RateControllerITest|main] com.openpayd.exchange.controller.RateControllerITest - Started RateControllerITest in 8.616 seconds (JVM running for 10.743) 
2021-11-01 12:13:09 DEBUG [com.openpayd.exchange.service.CurrencyProviderService|main] com.openpayd.exchange.service.CurrencyProviderService - Get rate response: Currency(base=USD, date=2021-10-31, rates={TRY=9.72}) 
2021-11-01 14:13:42 INFO  [com.openpayd.exchange.controller.ConversionControllerITest|main] com.openpayd.exchange.controller.ConversionControllerITest - Starting ConversionControllerITest using Java 11.0.7 on CLAIRIST1-00063 with PID 30432 (started by zafer.duzen in C:\Users\zafer.duzen\projects\ExchangeApi) 
2021-11-01 14:13:42 DEBUG [com.openpayd.exchange.controller.ConversionControllerITest|main] com.openpayd.exchange.controller.ConversionControllerITest - Running with Spring Boot v2.5.6, Spring v5.3.12 
2021-11-01 14:13:42 INFO  [com.openpayd.exchange.controller.ConversionControllerITest|main] com.openpayd.exchange.controller.ConversionControllerITest - No active profile set, falling back to default profiles: default 
2021-11-01 14:13:57 INFO  [com.openpayd.exchange.controller.ConversionControllerITest|main] com.openpayd.exchange.controller.ConversionControllerITest - Started ConversionControllerITest in 16.03 seconds (JVM running for 19.866) 
2021-11-01 14:14:29 INFO  [com.openpayd.exchange.controller.ConversionControllerITest|main] com.openpayd.exchange.controller.ConversionControllerITest - Starting ConversionControllerITest using Java 11.0.7 on CLAIRIST1-00063 with PID 20452 (started by zafer.duzen in C:\Users\zafer.duzen\projects\ExchangeApi) 
2021-11-01 14:14:29 DEBUG [com.openpayd.exchange.controller.ConversionControllerITest|main] com.openpayd.exchange.controller.ConversionControllerITest - Running with Spring Boot v2.5.6, Spring v5.3.12 
2021-11-01 14:14:29 INFO  [com.openpayd.exchange.controller.ConversionControllerITest|main] com.openpayd.exchange.controller.ConversionControllerITest - No active profile set, falling back to default profiles: default 
2021-11-01 14:14:40 INFO  [com.openpayd.exchange.controller.ConversionControllerITest|main] com.openpayd.exchange.controller.ConversionControllerITest - Started ConversionControllerITest in 11.692 seconds (JVM running for 14.134) 
2021-11-01 14:15:38 INFO  [com.openpayd.exchange.controller.ConversionControllerITest|main] com.openpayd.exchange.controller.ConversionControllerITest - Starting ConversionControllerITest using Java 11.0.7 on CLAIRIST1-00063 with PID 788 (started by zafer.duzen in C:\Users\zafer.duzen\projects\ExchangeApi) 
2021-11-01 14:15:38 DEBUG [com.openpayd.exchange.controller.ConversionControllerITest|main] com.openpayd.exchange.controller.ConversionControllerITest - Running with Spring Boot v2.5.6, Spring v5.3.12 
2021-11-01 14:15:38 INFO  [com.openpayd.exchange.controller.ConversionControllerITest|main] com.openpayd.exchange.controller.ConversionControllerITest - No active profile set, falling back to default profiles: default 
2021-11-01 14:16:23 INFO  [com.openpayd.exchange.controller.ConversionControllerITest|main] com.openpayd.exchange.controller.ConversionControllerITest - Starting ConversionControllerITest using Java 11.0.7 on CLAIRIST1-00063 with PID 9316 (started by zafer.duzen in C:\Users\zafer.duzen\projects\ExchangeApi) 
2021-11-01 14:16:23 DEBUG [com.openpayd.exchange.controller.ConversionControllerITest|main] com.openpayd.exchange.controller.ConversionControllerITest - Running with Spring Boot v2.5.6, Spring v5.3.12 
2021-11-01 14:16:23 INFO  [com.openpayd.exchange.controller.ConversionControllerITest|main] com.openpayd.exchange.controller.ConversionControllerITest - No active profile set, falling back to default profiles: default 
2021-11-01 14:16:36 INFO  [com.openpayd.exchange.controller.ConversionControllerITest|main] com.openpayd.exchange.controller.ConversionControllerITest - Started ConversionControllerITest in 13.062 seconds (JVM running for 15.81) 
2021-11-01 14:17:18 INFO  [com.openpayd.exchange.controller.ConversionControllerITest|main] com.openpayd.exchange.controller.ConversionControllerITest - Starting ConversionControllerITest using Java 11.0.7 on CLAIRIST1-00063 with PID 20048 (started by zafer.duzen in C:\Users\zafer.duzen\projects\ExchangeApi) 
2021-11-01 14:17:18 DEBUG [com.openpayd.exchange.controller.ConversionControllerITest|main] com.openpayd.exchange.controller.ConversionControllerITest - Running with Spring Boot v2.5.6, Spring v5.3.12 
2021-11-01 14:17:18 INFO  [com.openpayd.exchange.controller.ConversionControllerITest|main] com.openpayd.exchange.controller.ConversionControllerITest - No active profile set, falling back to default profiles: default 
2021-11-01 14:17:33 INFO  [com.openpayd.exchange.controller.ConversionControllerITest|main] com.openpayd.exchange.controller.ConversionControllerITest - Started ConversionControllerITest in 16.402 seconds (JVM running for 20.075) 
2021-11-01 14:26:32 INFO  [com.openpayd.exchange.controller.ConversionControllerITest|main] com.openpayd.exchange.controller.ConversionControllerITest - Starting ConversionControllerITest using Java 11.0.7 on CLAIRIST1-00063 with PID 33804 (started by zafer.duzen in C:\Users\zafer.duzen\projects\ExchangeApi) 
2021-11-01 14:26:32 DEBUG [com.openpayd.exchange.controller.ConversionControllerITest|main] com.openpayd.exchange.controller.ConversionControllerITest - Running with Spring Boot v2.5.6, Spring v5.3.12 
2021-11-01 14:26:32 INFO  [com.openpayd.exchange.controller.ConversionControllerITest|main] com.openpayd.exchange.controller.ConversionControllerITest - No active profile set, falling back to default profiles: default 
2021-11-01 14:26:40 INFO  [com.openpayd.exchange.controller.ConversionControllerITest|main] com.openpayd.exchange.controller.ConversionControllerITest - Started ConversionControllerITest in 8.27 seconds (JVM running for 10.022) 
2021-11-01 14:27:03 INFO  [com.openpayd.exchange.controller.ConversionControllerITest|main] com.openpayd.exchange.controller.ConversionControllerITest - Starting ConversionControllerITest using Java 11.0.7 on CLAIRIST1-00063 with PID 33996 (started by zafer.duzen in C:\Users\zafer.duzen\projects\ExchangeApi) 
2021-11-01 14:27:03 DEBUG [com.openpayd.exchange.controller.ConversionControllerITest|main] com.openpayd.exchange.controller.ConversionControllerITest - Running with Spring Boot v2.5.6, Spring v5.3.12 
2021-11-01 14:27:03 INFO  [com.openpayd.exchange.controller.ConversionControllerITest|main] com.openpayd.exchange.controller.ConversionControllerITest - No active profile set, falling back to default profiles: default 
2021-11-01 14:27:12 INFO  [com.openpayd.exchange.controller.ConversionControllerITest|main] com.openpayd.exchange.controller.ConversionControllerITest - Started ConversionControllerITest in 10.197 seconds (JVM running for 13.071) 
2021-11-01 14:29:11 INFO  [com.openpayd.exchange.controller.ConversionControllerITest|main] com.openpayd.exchange.controller.ConversionControllerITest - Starting ConversionControllerITest using Java 11.0.7 on CLAIRIST1-00063 with PID 30600 (started by zafer.duzen in C:\Users\zafer.duzen\projects\ExchangeApi) 
2021-11-01 14:29:11 DEBUG [com.openpayd.exchange.controller.ConversionControllerITest|main] com.openpayd.exchange.controller.ConversionControllerITest - Running with Spring Boot v2.5.6, Spring v5.3.12 
2021-11-01 14:29:11 INFO  [com.openpayd.exchange.controller.ConversionControllerITest|main] com.openpayd.exchange.controller.ConversionControllerITest - No active profile set, falling back to default profiles: default 
2021-11-01 14:29:19 INFO  [com.openpayd.exchange.controller.ConversionControllerITest|main] com.openpayd.exchange.controller.ConversionControllerITest - Started ConversionControllerITest in 8.968 seconds (JVM running for 10.965) 
2021-11-01 14:30:57 INFO  [com.openpayd.exchange.controller.ConversionControllerITest|main] com.openpayd.exchange.controller.ConversionControllerITest - Starting ConversionControllerITest using Java 11.0.7 on CLAIRIST1-00063 with PID 20100 (started by zafer.duzen in C:\Users\zafer.duzen\projects\ExchangeApi) 
2021-11-01 14:30:57 DEBUG [com.openpayd.exchange.controller.ConversionControllerITest|main] com.openpayd.exchange.controller.ConversionControllerITest - Running with Spring Boot v2.5.6, Spring v5.3.12 
2021-11-01 14:30:57 INFO  [com.openpayd.exchange.controller.ConversionControllerITest|main] com.openpayd.exchange.controller.ConversionControllerITest - No active profile set, falling back to default profiles: default 
2021-11-01 14:31:10 INFO  [com.openpayd.exchange.controller.ConversionControllerITest|main] com.openpayd.exchange.controller.ConversionControllerITest - Started ConversionControllerITest in 13.87 seconds (JVM running for 16.52) 
2021-11-01 14:31:41 INFO  [com.openpayd.exchange.controller.ConversionControllerITest|main] com.openpayd.exchange.controller.ConversionControllerITest - Starting ConversionControllerITest using Java 11.0.7 on CLAIRIST1-00063 with PID 21292 (started by zafer.duzen in C:\Users\zafer.duzen\projects\ExchangeApi) 
2021-11-01 14:31:41 DEBUG [com.openpayd.exchange.controller.ConversionControllerITest|main] com.openpayd.exchange.controller.ConversionControllerITest - Running with Spring Boot v2.5.6, Spring v5.3.12 
2021-11-01 14:31:41 INFO  [com.openpayd.exchange.controller.ConversionControllerITest|main] com.openpayd.exchange.controller.ConversionControllerITest - No active profile set, falling back to default profiles: default 
2021-11-01 14:31:52 INFO  [com.openpayd.exchange.controller.ConversionControllerITest|main] com.openpayd.exchange.controller.ConversionControllerITest - Started ConversionControllerITest in 12.261 seconds (JVM running for 14.459) 
2021-11-01 14:33:46 INFO  [com.openpayd.exchange.controller.ConversionControllerITest|main] com.openpayd.exchange.controller.ConversionControllerITest - Starting ConversionControllerITest using Java 11.0.7 on CLAIRIST1-00063 with PID 27628 (started by zafer.duzen in C:\Users\zafer.duzen\projects\ExchangeApi) 
2021-11-01 14:33:46 DEBUG [com.openpayd.exchange.controller.ConversionControllerITest|main] com.openpayd.exchange.controller.ConversionControllerITest - Running with Spring Boot v2.5.6, Spring v5.3.12 
2021-11-01 14:33:46 INFO  [com.openpayd.exchange.controller.ConversionControllerITest|main] com.openpayd.exchange.controller.ConversionControllerITest - No active profile set, falling back to default profiles: default 
2021-11-01 14:33:56 INFO  [com.openpayd.exchange.controller.ConversionControllerITest|main] com.openpayd.exchange.controller.ConversionControllerITest - Started ConversionControllerITest in 11.404 seconds (JVM running for 13.781) 
2021-11-01 14:35:06 INFO  [com.openpayd.exchange.controller.ConversionControllerITest|main] com.openpayd.exchange.controller.ConversionControllerITest - Starting ConversionControllerITest using Java 11.0.7 on CLAIRIST1-00063 with PID 34404 (started by zafer.duzen in C:\Users\zafer.duzen\projects\ExchangeApi) 
2021-11-01 14:35:06 DEBUG [com.openpayd.exchange.controller.ConversionControllerITest|main] com.openpayd.exchange.controller.ConversionControllerITest - Running with Spring Boot v2.5.6, Spring v5.3.12 
2021-11-01 14:35:06 INFO  [com.openpayd.exchange.controller.ConversionControllerITest|main] com.openpayd.exchange.controller.ConversionControllerITest - No active profile set, falling back to default profiles: default 
2021-11-01 14:35:15 INFO  [com.openpayd.exchange.controller.ConversionControllerITest|main] com.openpayd.exchange.controller.ConversionControllerITest - Started ConversionControllerITest in 9.921 seconds (JVM running for 12.117) 
2021-11-01 14:36:50 INFO  [com.openpayd.exchange.controller.ConversionControllerITest|main] com.openpayd.exchange.controller.ConversionControllerITest - Starting ConversionControllerITest using Java 11.0.7 on CLAIRIST1-00063 with PID 34724 (started by zafer.duzen in C:\Users\zafer.duzen\projects\ExchangeApi) 
2021-11-01 14:36:50 DEBUG [com.openpayd.exchange.controller.ConversionControllerITest|main] com.openpayd.exchange.controller.ConversionControllerITest - Running with Spring Boot v2.5.6, Spring v5.3.12 
2021-11-01 14:36:50 INFO  [com.openpayd.exchange.controller.ConversionControllerITest|main] com.openpayd.exchange.controller.ConversionControllerITest - No active profile set, falling back to default profiles: default 
2021-11-01 14:36:59 INFO  [com.openpayd.exchange.controller.ConversionControllerITest|main] com.openpayd.exchange.controller.ConversionControllerITest - Started ConversionControllerITest in 9.603 seconds (JVM running for 12.029) 
2021-11-01 14:41:25 INFO  [com.openpayd.exchange.controller.ConversionControllerITest|main] com.openpayd.exchange.controller.ConversionControllerITest - Starting ConversionControllerITest using Java 11.0.7 on CLAIRIST1-00063 with PID 22380 (started by zafer.duzen in C:\Users\zafer.duzen\projects\ExchangeApi) 
2021-11-01 14:41:25 DEBUG [com.openpayd.exchange.controller.ConversionControllerITest|main] com.openpayd.exchange.controller.ConversionControllerITest - Running with Spring Boot v2.5.6, Spring v5.3.12 
2021-11-01 14:41:25 INFO  [com.openpayd.exchange.controller.ConversionControllerITest|main] com.openpayd.exchange.controller.ConversionControllerITest - No active profile set, falling back to default profiles: default 
2021-11-01 14:41:32 INFO  [com.openpayd.exchange.controller.ConversionControllerITest|main] com.openpayd.exchange.controller.ConversionControllerITest - Started ConversionControllerITest in 7.403 seconds (JVM running for 9.415) 
2021-11-01 14:43:22 INFO  [com.openpayd.exchange.controller.ConversionControllerITest|main] com.openpayd.exchange.controller.ConversionControllerITest - Starting ConversionControllerITest using Java 11.0.7 on CLAIRIST1-00063 with PID 7548 (started by zafer.duzen in C:\Users\zafer.duzen\projects\ExchangeApi) 
2021-11-01 14:43:22 DEBUG [com.openpayd.exchange.controller.ConversionControllerITest|main] com.openpayd.exchange.controller.ConversionControllerITest - Running with Spring Boot v2.5.6, Spring v5.3.12 
2021-11-01 14:43:22 INFO  [com.openpayd.exchange.controller.ConversionControllerITest|main] com.openpayd.exchange.controller.ConversionControllerITest - No active profile set, falling back to default profiles: default 
2021-11-01 14:43:30 INFO  [com.openpayd.exchange.controller.ConversionControllerITest|main] com.openpayd.exchange.controller.ConversionControllerITest - Started ConversionControllerITest in 8.308 seconds (JVM running for 10.211) 
2021-11-01 15:05:41 INFO  [com.openpayd.exchange.controller.ConversionControllerITest|main] com.openpayd.exchange.controller.ConversionControllerITest - Starting ConversionControllerITest using Java 11.0.7 on CLAIRIST1-00063 with PID 26424 (started by zafer.duzen in C:\Users\zafer.duzen\projects\ExchangeApi) 
2021-11-01 15:05:41 DEBUG [com.openpayd.exchange.controller.ConversionControllerITest|main] com.openpayd.exchange.controller.ConversionControllerITest - Running with Spring Boot v2.5.6, Spring v5.3.12 
2021-11-01 15:05:41 INFO  [com.openpayd.exchange.controller.ConversionControllerITest|main] com.openpayd.exchange.controller.ConversionControllerITest - No active profile set, falling back to default profiles: default 
2021-11-01 15:05:50 INFO  [com.openpayd.exchange.controller.ConversionControllerITest|main] com.openpayd.exchange.controller.ConversionControllerITest - Started ConversionControllerITest in 10.08 seconds (JVM running for 12.95) 
2021-11-01 15:05:55 DEBUG [com.openpayd.exchange.service.CurrencyProviderService|main] com.openpayd.exchange.service.CurrencyProviderService - Get rate response: AmountConversion(date=2018-02-22, result=1000.0) 
2021-11-01 15:11:41 INFO  [com.openpayd.exchange.controller.ConversionControllerITest|main] com.openpayd.exchange.controller.ConversionControllerITest - Starting ConversionControllerITest using Java 11.0.7 on CLAIRIST1-00063 with PID 24628 (started by zafer.duzen in C:\Users\zafer.duzen\projects\ExchangeApi) 
2021-11-01 15:11:41 DEBUG [com.openpayd.exchange.controller.ConversionControllerITest|main] com.openpayd.exchange.controller.ConversionControllerITest - Running with Spring Boot v2.5.6, Spring v5.3.12 
2021-11-01 15:11:41 INFO  [com.openpayd.exchange.controller.ConversionControllerITest|main] com.openpayd.exchange.controller.ConversionControllerITest - No active profile set, falling back to default profiles: default 
2021-11-01 15:11:51 INFO  [com.openpayd.exchange.controller.ConversionControllerITest|main] com.openpayd.exchange.controller.ConversionControllerITest - Started ConversionControllerITest in 10.559 seconds (JVM running for 13.104) 
2021-11-01 15:11:53 DEBUG [com.openpayd.exchange.service.CurrencyProviderService|main] com.openpayd.exchange.service.CurrencyProviderService - Get rate response: AmountConversion(date=2018-02-22, result=1000.0) 
2021-11-01 15:13:04 INFO  [com.openpayd.exchange.controller.ConversionControllerITest|main] com.openpayd.exchange.controller.ConversionControllerITest - Starting ConversionControllerITest using Java 11.0.7 on CLAIRIST1-00063 with PID 31692 (started by zafer.duzen in C:\Users\zafer.duzen\projects\ExchangeApi) 
2021-11-01 15:13:04 DEBUG [com.openpayd.exchange.controller.ConversionControllerITest|main] com.openpayd.exchange.controller.ConversionControllerITest - Running with Spring Boot v2.5.6, Spring v5.3.12 
2021-11-01 15:13:04 INFO  [com.openpayd.exchange.controller.ConversionControllerITest|main] com.openpayd.exchange.controller.ConversionControllerITest - No active profile set, falling back to default profiles: default 
2021-11-01 15:13:14 INFO  [com.openpayd.exchange.controller.ConversionControllerITest|main] com.openpayd.exchange.controller.ConversionControllerITest - Started ConversionControllerITest in 11.634 seconds (JVM running for 14.962) 
2021-11-01 15:13:15 DEBUG [com.openpayd.exchange.service.CurrencyProviderService|main] com.openpayd.exchange.service.CurrencyProviderService - Get rate response: AmountConversion(date=2018-02-22, result=1000.0) 
2021-11-01 15:13:39 INFO  [com.openpayd.exchange.controller.ConversionControllerITest|main] com.openpayd.exchange.controller.ConversionControllerITest - Starting ConversionControllerITest using Java 11.0.7 on CLAIRIST1-00063 with PID 32856 (started by zafer.duzen in C:\Users\zafer.duzen\projects\ExchangeApi) 
2021-11-01 15:13:39 DEBUG [com.openpayd.exchange.controller.ConversionControllerITest|main] com.openpayd.exchange.controller.ConversionControllerITest - Running with Spring Boot v2.5.6, Spring v5.3.12 
2021-11-01 15:13:39 INFO  [com.openpayd.exchange.controller.ConversionControllerITest|main] com.openpayd.exchange.controller.ConversionControllerITest - No active profile set, falling back to default profiles: default 
2021-11-01 15:13:57 INFO  [com.openpayd.exchange.controller.ConversionControllerITest|main] com.openpayd.exchange.controller.ConversionControllerITest - Started ConversionControllerITest in 18.378 seconds (JVM running for 21.882) 
2021-11-01 15:13:58 DEBUG [com.openpayd.exchange.service.CurrencyProviderService|main] com.openpayd.exchange.service.CurrencyProviderService - Get rate response: AmountConversion(date=2018-02-22, result=1000.0) 
2021-11-01 15:13:59 DEBUG [com.openpayd.exchange.service.CurrencyProviderService|main] com.openpayd.exchange.service.CurrencyProviderService - Get rate response: Currency(base=USD, date=2021-10-31, rates={TRY=9.72}) 
2021-11-01 15:13:59 INFO  [com.openpayd.exchange.ExchangeApiApplicationTests|main] com.openpayd.exchange.ExchangeApiApplicationTests - Starting ExchangeApiApplicationTests using Java 11.0.7 on CLAIRIST1-00063 with PID 32856 (started by zafer.duzen in C:\Users\zafer.duzen\projects\ExchangeApi) 
2021-11-01 15:13:59 DEBUG [com.openpayd.exchange.ExchangeApiApplicationTests|main] com.openpayd.exchange.ExchangeApiApplicationTests - Running with Spring Boot v2.5.6, Spring v5.3.12 
2021-11-01 15:13:59 INFO  [com.openpayd.exchange.ExchangeApiApplicationTests|main] com.openpayd.exchange.ExchangeApiApplicationTests - No active profile set, falling back to default profiles: default 
2021-11-01 15:14:02 INFO  [com.openpayd.exchange.ExchangeApiApplicationTests|main] com.openpayd.exchange.ExchangeApiApplicationTests - Started ExchangeApiApplicationTests in 3.37 seconds (JVM running for 27.652) 
2021-11-01 16:54:37 INFO  [com.openpayd.exchange.controller.RateControllerITest|main] com.openpayd.exchange.controller.RateControllerITest - Starting RateControllerITest using Java 11.0.7 on CLAIRIST1-00063 with PID 14656 (started by zafer.duzen in C:\Users\zafer.duzen\projects\ExchangeApi) 
2021-11-01 16:54:37 DEBUG [com.openpayd.exchange.controller.RateControllerITest|main] com.openpayd.exchange.controller.RateControllerITest - Running with Spring Boot v2.5.6, Spring v5.3.12 
2021-11-01 16:54:37 INFO  [com.openpayd.exchange.controller.RateControllerITest|main] com.openpayd.exchange.controller.RateControllerITest - No active profile set, falling back to default profiles: default 
2021-11-01 16:54:46 INFO  [com.openpayd.exchange.controller.RateControllerITest|main] com.openpayd.exchange.controller.RateControllerITest - Started RateControllerITest in 9.482 seconds (JVM running for 11.272) 
2021-11-01 16:54:46 DEBUG [com.openpayd.exchange.service.CurrencyProviderService|main] com.openpayd.exchange.service.CurrencyProviderService - Get rate response: Currency(base=USD, date=2021-10-31, rates={TRY=9.72}) 
2021-11-01 16:54:57 INFO  [com.openpayd.exchange.controller.RateControllerITest|main] com.openpayd.exchange.controller.RateControllerITest - Starting RateControllerITest using Java 11.0.7 on CLAIRIST1-00063 with PID 13356 (started by zafer.duzen in C:\Users\zafer.duzen\projects\ExchangeApi) 
2021-11-01 16:54:57 DEBUG [com.openpayd.exchange.controller.RateControllerITest|main] com.openpayd.exchange.controller.RateControllerITest - Running with Spring Boot v2.5.6, Spring v5.3.12 
2021-11-01 16:54:57 INFO  [com.openpayd.exchange.controller.RateControllerITest|main] com.openpayd.exchange.controller.RateControllerITest - No active profile set, falling back to default profiles: default 
2021-11-01 16:55:10 INFO  [com.openpayd.exchange.controller.RateControllerITest|main] com.openpayd.exchange.controller.RateControllerITest - Started RateControllerITest in 13.389 seconds (JVM running for 15.153) 
2021-11-01 16:55:10 DEBUG [com.openpayd.exchange.service.CurrencyProviderService|main] com.openpayd.exchange.service.CurrencyProviderService - Get rate response: Currency(base=USD, date=2021-10-31, rates={TRY=9.72}) 
2021-11-01 16:55:44 INFO  [com.openpayd.exchange.controller.RateControllerITest|main] com.openpayd.exchange.controller.RateControllerITest - Starting RateControllerITest using Java 11.0.7 on CLAIRIST1-00063 with PID 33656 (started by zafer.duzen in C:\Users\zafer.duzen\projects\ExchangeApi) 
2021-11-01 16:55:44 DEBUG [com.openpayd.exchange.controller.RateControllerITest|main] com.openpayd.exchange.controller.RateControllerITest - Running with Spring Boot v2.5.6, Spring v5.3.12 
2021-11-01 16:55:44 INFO  [com.openpayd.exchange.controller.RateControllerITest|main] com.openpayd.exchange.controller.RateControllerITest - No active profile set, falling back to default profiles: default 
2021-11-01 16:55:56 INFO  [com.openpayd.exchange.controller.RateControllerITest|main] com.openpayd.exchange.controller.RateControllerITest - Started RateControllerITest in 12.506 seconds (JVM running for 14.421) 
2021-11-01 16:55:56 ERROR [com.openpayd.exchange.service.CurrencyProviderService|main] com.openpayd.exchange.service.CurrencyProviderService - null 
2021-11-01 16:56:48 INFO  [com.openpayd.exchange.controller.RateControllerITest|main] com.openpayd.exchange.controller.RateControllerITest - Starting RateControllerITest using Java 11.0.7 on CLAIRIST1-00063 with PID 31080 (started by zafer.duzen in C:\Users\zafer.duzen\projects\ExchangeApi) 
2021-11-01 16:56:48 DEBUG [com.openpayd.exchange.controller.RateControllerITest|main] com.openpayd.exchange.controller.RateControllerITest - Running with Spring Boot v2.5.6, Spring v5.3.12 
2021-11-01 16:56:48 INFO  [com.openpayd.exchange.controller.RateControllerITest|main] com.openpayd.exchange.controller.RateControllerITest - No active profile set, falling back to default profiles: default 
2021-11-01 16:56:56 INFO  [com.openpayd.exchange.controller.RateControllerITest|main] com.openpayd.exchange.controller.RateControllerITest - Started RateControllerITest in 8.644 seconds (JVM running for 10.528) 
2021-11-01 16:56:56 ERROR [com.openpayd.exchange.service.CurrencyProviderService|main] com.openpayd.exchange.service.CurrencyProviderService - null 
2021-11-01 16:57:32 INFO  [com.openpayd.exchange.controller.RateControllerITest|main] com.openpayd.exchange.controller.RateControllerITest - Starting RateControllerITest using Java 11.0.7 on CLAIRIST1-00063 with PID 32772 (started by zafer.duzen in C:\Users\zafer.duzen\projects\ExchangeApi) 
2021-11-01 16:57:32 DEBUG [com.openpayd.exchange.controller.RateControllerITest|main] com.openpayd.exchange.controller.RateControllerITest - Running with Spring Boot v2.5.6, Spring v5.3.12 
2021-11-01 16:57:32 INFO  [com.openpayd.exchange.controller.RateControllerITest|main] com.openpayd.exchange.controller.RateControllerITest - No active profile set, falling back to default profiles: default 
2021-11-01 16:57:44 INFO  [com.openpayd.exchange.controller.RateControllerITest|main] com.openpayd.exchange.controller.RateControllerITest - Started RateControllerITest in 12.974 seconds (JVM running for 16.842) 
2021-11-01 16:57:44 ERROR [com.openpayd.exchange.service.CurrencyProviderService|main] com.openpayd.exchange.service.CurrencyProviderService - null 
2021-11-01 17:01:11 INFO  [com.openpayd.exchange.controller.RateControllerITest|main] com.openpayd.exchange.controller.RateControllerITest - Starting RateControllerITest using Java 11.0.7 on CLAIRIST1-00063 with PID 15288 (started by zafer.duzen in C:\Users\zafer.duzen\projects\ExchangeApi) 
2021-11-01 17:01:11 DEBUG [com.openpayd.exchange.controller.RateControllerITest|main] com.openpayd.exchange.controller.RateControllerITest - Running with Spring Boot v2.5.6, Spring v5.3.12 
2021-11-01 17:01:11 INFO  [com.openpayd.exchange.controller.RateControllerITest|main] com.openpayd.exchange.controller.RateControllerITest - No active profile set, falling back to default profiles: default 
2021-11-01 17:01:20 INFO  [com.openpayd.exchange.ExchangeApiApplication|main] com.openpayd.exchange.ExchangeApiApplication - Starting ExchangeApiApplication using Java 11.0.7 on CLAIRIST1-00063 with PID 5168 (C:\Users\zafer.duzen\projects\ExchangeApi\target\classes started by zafer.duzen in C:\Users\zafer.duzen\projects\ExchangeApi) 
2021-11-01 17:01:20 DEBUG [com.openpayd.exchange.ExchangeApiApplication|main] com.openpayd.exchange.ExchangeApiApplication - Running with Spring Boot v2.5.6, Spring v5.3.12 
2021-11-01 17:01:20 INFO  [com.openpayd.exchange.ExchangeApiApplication|main] com.openpayd.exchange.ExchangeApiApplication - No active profile set, falling back to default profiles: default 
2021-11-01 17:01:29 INFO  [com.openpayd.exchange.controller.RateControllerITest|main] com.openpayd.exchange.controller.RateControllerITest - Started RateControllerITest in 18.871 seconds (JVM running for 23.661) 
2021-11-01 17:01:31 INFO  [com.openpayd.exchange.ExchangeApiApplication|main] com.openpayd.exchange.ExchangeApiApplication - Started ExchangeApiApplication in 12.277 seconds (JVM running for 16.001) 
2021-11-01 17:01:42 ERROR [com.openpayd.exchange.service.CurrencyProviderService|main] com.openpayd.exchange.service.CurrencyProviderService - null 
2021-11-01 17:01:56 DEBUG [com.openpayd.exchange.service.CurrencyProviderService|http-nio-8000-exec-1] com.openpayd.exchange.service.CurrencyProviderService - Get rate response: Currency(base=null, date=null, rates=null) 
2021-11-01 17:02:18 DEBUG [com.openpayd.exchange.service.CurrencyProviderService|http-nio-8000-exec-6] com.openpayd.exchange.service.CurrencyProviderService - Get rate response: Currency(base=null, date=null, rates=null) 
2021-11-01 17:03:00 DEBUG [com.openpayd.exchange.service.CurrencyProviderService|http-nio-8000-exec-8] com.openpayd.exchange.service.CurrencyProviderService - Get rate response: Currency(base=null, date=null, rates=null) 
2021-11-01 17:03:21 DEBUG [com.openpayd.exchange.service.CurrencyProviderService|http-nio-8000-exec-10] com.openpayd.exchange.service.CurrencyProviderService - Get rate response: Currency(base=null, date=null, rates=null) 
2021-11-01 17:04:01 DEBUG [com.openpayd.exchange.service.CurrencyProviderService|http-nio-8000-exec-1] com.openpayd.exchange.service.CurrencyProviderService - Get rate response: Currency(base=null, date=null, rates=null) 
2021-11-01 17:04:12 INFO  [com.openpayd.exchange.ExchangeApiApplication|main] com.openpayd.exchange.ExchangeApiApplication - Starting ExchangeApiApplication using Java 11.0.7 on CLAIRIST1-00063 with PID 33060 (C:\Users\zafer.duzen\projects\ExchangeApi\target\classes started by zafer.duzen in C:\Users\zafer.duzen\projects\ExchangeApi) 
2021-11-01 17:04:12 DEBUG [com.openpayd.exchange.ExchangeApiApplication|main] com.openpayd.exchange.ExchangeApiApplication - Running with Spring Boot v2.5.6, Spring v5.3.12 
2021-11-01 17:04:12 INFO  [com.openpayd.exchange.ExchangeApiApplication|main] com.openpayd.exchange.ExchangeApiApplication - No active profile set, falling back to default profiles: default 
2021-11-01 17:04:16 INFO  [com.openpayd.exchange.ExchangeApiApplication|main] com.openpayd.exchange.ExchangeApiApplication - Started ExchangeApiApplication in 5.576 seconds (JVM running for 8.995) 
2021-11-01 17:04:28 DEBUG [com.openpayd.exchange.service.CurrencyProviderService|http-nio-8000-exec-2] com.openpayd.exchange.service.CurrencyProviderService - Get rate response: Currency(base=null, date=null, rates=null) 
2021-11-01 17:05:02 DEBUG [com.openpayd.exchange.service.CurrencyProviderService|http-nio-8000-exec-4] com.openpayd.exchange.service.CurrencyProviderService - Get rate response: Currency(base=null, date=null, rates=null) 
2021-11-01 17:07:51 INFO  [com.openpayd.exchange.controller.RateControllerITest|main] com.openpayd.exchange.controller.RateControllerITest - Starting RateControllerITest using Java 11.0.7 on CLAIRIST1-00063 with PID 26904 (started by zafer.duzen in C:\Users\zafer.duzen\projects\ExchangeApi) 
2021-11-01 17:07:51 DEBUG [com.openpayd.exchange.controller.RateControllerITest|main] com.openpayd.exchange.controller.RateControllerITest - Running with Spring Boot v2.5.6, Spring v5.3.12 
2021-11-01 17:07:51 INFO  [com.openpayd.exchange.controller.RateControllerITest|main] com.openpayd.exchange.controller.RateControllerITest - No active profile set, falling back to default profiles: default 
2021-11-01 17:08:00 INFO  [com.openpayd.exchange.controller.RateControllerITest|main] com.openpayd.exchange.controller.RateControllerITest - Started RateControllerITest in 9.684 seconds (JVM running for 11.968) 
2021-11-01 17:08:23 ERROR [com.openpayd.exchange.service.CurrencyProviderService|main] com.openpayd.exchange.service.CurrencyProviderService - null 
2021-11-01 17:10:34 INFO  [com.openpayd.exchange.controller.RateControllerITest|main] com.openpayd.exchange.controller.RateControllerITest - Starting RateControllerITest using Java 11.0.7 on CLAIRIST1-00063 with PID 22772 (started by zafer.duzen in C:\Users\zafer.duzen\projects\ExchangeApi) 
2021-11-01 17:10:34 DEBUG [com.openpayd.exchange.controller.RateControllerITest|main] com.openpayd.exchange.controller.RateControllerITest - Running with Spring Boot v2.5.6, Spring v5.3.12 
2021-11-01 17:10:34 INFO  [com.openpayd.exchange.controller.RateControllerITest|main] com.openpayd.exchange.controller.RateControllerITest - No active profile set, falling back to default profiles: default 
2021-11-01 17:10:41 INFO  [com.openpayd.exchange.controller.RateControllerITest|main] com.openpayd.exchange.controller.RateControllerITest - Started RateControllerITest in 7.6 seconds (JVM running for 9.752) 
2021-11-01 17:10:42 ERROR [com.openpayd.exchange.service.CurrencyProviderService|main] com.openpayd.exchange.service.CurrencyProviderService - null 
2021-11-01 17:16:59 INFO  [com.openpayd.exchange.controller.RateControllerITest|main] com.openpayd.exchange.controller.RateControllerITest - Starting RateControllerITest using Java 11.0.7 on CLAIRIST1-00063 with PID 31100 (started by zafer.duzen in C:\Users\zafer.duzen\projects\ExchangeApi) 
2021-11-01 17:16:59 DEBUG [com.openpayd.exchange.controller.RateControllerITest|main] com.openpayd.exchange.controller.RateControllerITest - Running with Spring Boot v2.5.6, Spring v5.3.12 
2021-11-01 17:16:59 INFO  [com.openpayd.exchange.controller.RateControllerITest|main] com.openpayd.exchange.controller.RateControllerITest - No active profile set, falling back to default profiles: default 
2021-11-01 17:17:07 INFO  [com.openpayd.exchange.controller.RateControllerITest|main] com.openpayd.exchange.controller.RateControllerITest - Started RateControllerITest in 9.121 seconds (JVM running for 12.205) 
2021-11-01 17:17:12 ERROR [com.openpayd.exchange.service.CurrencyProviderService|main] com.openpayd.exchange.service.CurrencyProviderService - null 
2021-11-01 17:19:12 INFO  [com.openpayd.exchange.controller.RateControllerITest|main] com.openpayd.exchange.controller.RateControllerITest - Starting RateControllerITest using Java 11.0.7 on CLAIRIST1-00063 with PID 11196 (started by zafer.duzen in C:\Users\zafer.duzen\projects\ExchangeApi) 
2021-11-01 17:19:12 DEBUG [com.openpayd.exchange.controller.RateControllerITest|main] com.openpayd.exchange.controller.RateControllerITest - Running with Spring Boot v2.5.6, Spring v5.3.12 
2021-11-01 17:19:12 INFO  [com.openpayd.exchange.controller.RateControllerITest|main] com.openpayd.exchange.controller.RateControllerITest - No active profile set, falling back to default profiles: default 
2021-11-01 17:19:22 INFO  [com.openpayd.exchange.controller.RateControllerITest|main] com.openpayd.exchange.controller.RateControllerITest - Started RateControllerITest in 9.877 seconds (JVM running for 11.83) 
2021-11-01 17:19:22 ERROR [com.openpayd.exchange.service.CurrencyProviderService|main] com.openpayd.exchange.service.CurrencyProviderService - null 
2021-11-01 17:20:33 INFO  [com.openpayd.exchange.controller.RateControllerITest|main] com.openpayd.exchange.controller.RateControllerITest - Starting RateControllerITest using Java 11.0.7 on CLAIRIST1-00063 with PID 34296 (started by zafer.duzen in C:\Users\zafer.duzen\projects\ExchangeApi) 
2021-11-01 17:20:33 DEBUG [com.openpayd.exchange.controller.RateControllerITest|main] com.openpayd.exchange.controller.RateControllerITest - Running with Spring Boot v2.5.6, Spring v5.3.12 
2021-11-01 17:20:33 INFO  [com.openpayd.exchange.controller.RateControllerITest|main] com.openpayd.exchange.controller.RateControllerITest - No active profile set, falling back to default profiles: default 
2021-11-01 17:20:41 INFO  [com.openpayd.exchange.controller.RateControllerITest|main] com.openpayd.exchange.controller.RateControllerITest - Started RateControllerITest in 8.194 seconds (JVM running for 9.832) 
2021-11-01 17:20:41 ERROR [com.openpayd.exchange.service.CurrencyProviderService|main] com.openpayd.exchange.service.CurrencyProviderService - null 
2021-11-01 17:23:02 INFO  [com.openpayd.exchange.controller.ConversionControllerITest|main] com.openpayd.exchange.controller.ConversionControllerITest - Starting ConversionControllerITest using Java 11.0.7 on CLAIRIST1-00063 with PID 32408 (started by zafer.duzen in C:\Users\zafer.duzen\projects\ExchangeApi) 
2021-11-01 17:23:02 DEBUG [com.openpayd.exchange.controller.ConversionControllerITest|main] com.openpayd.exchange.controller.ConversionControllerITest - Running with Spring Boot v2.5.6, Spring v5.3.12 
2021-11-01 17:23:02 INFO  [com.openpayd.exchange.controller.ConversionControllerITest|main] com.openpayd.exchange.controller.ConversionControllerITest - No active profile set, falling back to default profiles: default 
2021-11-01 17:23:10 INFO  [com.openpayd.exchange.controller.ConversionControllerITest|main] com.openpayd.exchange.controller.ConversionControllerITest - Started ConversionControllerITest in 7.891 seconds (JVM running for 9.686) 
2021-11-01 17:23:10 ERROR [com.openpayd.exchange.service.CurrencyProviderService|main] com.openpayd.exchange.service.CurrencyProviderService - null 
2021-11-01 17:39:38 INFO  [com.openpayd.exchange.controller.ConversionControllerITest|main] com.openpayd.exchange.controller.ConversionControllerITest - Starting ConversionControllerITest using Java 11.0.7 on CLAIRIST1-00063 with PID 25128 (started by zafer.duzen in C:\Users\zafer.duzen\projects\ExchangeApi) 
2021-11-01 17:39:38 DEBUG [com.openpayd.exchange.controller.ConversionControllerITest|main] com.openpayd.exchange.controller.ConversionControllerITest - Running with Spring Boot v2.5.6, Spring v5.3.12 
2021-11-01 17:39:38 INFO  [com.openpayd.exchange.controller.ConversionControllerITest|main] com.openpayd.exchange.controller.ConversionControllerITest - No active profile set, falling back to default profiles: default 
2021-11-01 17:39:56 INFO  [com.openpayd.exchange.controller.ConversionControllerITest|main] com.openpayd.exchange.controller.ConversionControllerITest - Started ConversionControllerITest in 18.965 seconds (JVM running for 24.258) 
2021-11-01 17:39:56 DEBUG [com.openpayd.exchange.service.ConversionService|main] com.openpayd.exchange.service.ConversionService - Conversion list is called with date 
2021-11-01 17:39:57 ERROR [com.openpayd.exchange.service.CurrencyProviderService|main] com.openpayd.exchange.service.CurrencyProviderService - null 
2021-11-01 17:39:57 DEBUG [com.openpayd.exchange.service.ConversionService|main] com.openpayd.exchange.service.ConversionService - Conversion list is called with id 
2021-11-01 17:39:58 TRACE [com.openpayd.exchange.service.ConversionService|main] com.openpayd.exchange.service.ConversionService - [Conversion(id=1, amount=100.0, source=TRY, target=GBP, createdDate=2021-01-01)] 
2021-11-01 17:39:58 DEBUG [com.openpayd.exchange.service.ConversionService|main] com.openpayd.exchange.service.ConversionService - Conversion list is called with date 
2021-11-01 17:39:58 DEBUG [com.openpayd.exchange.service.CurrencyProviderService|main] com.openpayd.exchange.service.CurrencyProviderService - Get rate response: AmountConversion(date=2018-02-22, result=1000.0) 
2021-11-01 17:39:58 ERROR [com.openpayd.exchange.service.CurrencyProviderService|main] com.openpayd.exchange.service.CurrencyProviderService - null 
2021-11-01 17:39:58 DEBUG [com.openpayd.exchange.service.CurrencyProviderService|main] com.openpayd.exchange.service.CurrencyProviderService - Get rate response: Currency(base=USD, date=2021-10-31, rates={TRY=9.72}) 
2021-11-01 17:39:58 DEBUG [com.openpayd.exchange.service.RateService|main] com.openpayd.exchange.service.RateService - currency response: Currency(base=USD, date=2021-10-31, rates={TRY=9.72}) 
2021-11-01 17:39:59 INFO  [com.openpayd.exchange.ExchangeApiApplicationTests|main] com.openpayd.exchange.ExchangeApiApplicationTests - Starting ExchangeApiApplicationTests using Java 11.0.7 on CLAIRIST1-00063 with PID 25128 (started by zafer.duzen in C:\Users\zafer.duzen\projects\ExchangeApi) 
2021-11-01 17:39:59 DEBUG [com.openpayd.exchange.ExchangeApiApplicationTests|main] com.openpayd.exchange.ExchangeApiApplicationTests - Running with Spring Boot v2.5.6, Spring v5.3.12 
2021-11-01 17:39:59 INFO  [com.openpayd.exchange.ExchangeApiApplicationTests|main] com.openpayd.exchange.ExchangeApiApplicationTests - No active profile set, falling back to default profiles: default 
2021-11-01 17:40:05 INFO  [com.openpayd.exchange.ExchangeApiApplicationTests|main] com.openpayd.exchange.ExchangeApiApplicationTests - Started ExchangeApiApplicationTests in 6.244 seconds (JVM running for 33.45) 
2021-11-01 20:30:42 DEBUG [com.openpayd.exchange.service.RateService|main] com.openpayd.exchange.service.RateService - currency response: Currency(base=USD, date=2021-01-01, rates={TRY=1000.0}) 
2021-11-01 20:33:39 DEBUG [com.openpayd.exchange.service.RateService|main] com.openpayd.exchange.service.RateService - currency response: Currency(base=USD, date=2021-01-01, rates={TRY=1000.0}) 
2021-11-01 20:33:59 INFO  [com.openpayd.exchange.controller.ConversionControllerITest|main] com.openpayd.exchange.controller.ConversionControllerITest - Starting ConversionControllerITest using Java 11.0.7 on CLAIRIST1-00063 with PID 17600 (started by zafer.duzen in C:\Users\zafer.duzen\projects\ExchangeApi) 
2021-11-01 20:33:59 DEBUG [com.openpayd.exchange.controller.ConversionControllerITest|main] com.openpayd.exchange.controller.ConversionControllerITest - Running with Spring Boot v2.5.6, Spring v5.3.12 
2021-11-01 20:33:59 INFO  [com.openpayd.exchange.controller.ConversionControllerITest|main] com.openpayd.exchange.controller.ConversionControllerITest - No active profile set, falling back to default profiles: default 
2021-11-01 20:34:11 INFO  [com.openpayd.exchange.controller.ConversionControllerITest|main] com.openpayd.exchange.controller.ConversionControllerITest - Started ConversionControllerITest in 11.906 seconds (JVM running for 15.073) 
2021-11-01 20:34:11 DEBUG [com.openpayd.exchange.service.ConversionService|main] com.openpayd.exchange.service.ConversionService - Conversion list is called with date 
2021-11-01 20:34:12 ERROR [com.openpayd.exchange.service.CurrencyProviderService|main] com.openpayd.exchange.service.CurrencyProviderService - null 
2021-11-01 20:34:12 DEBUG [com.openpayd.exchange.service.ConversionService|main] com.openpayd.exchange.service.ConversionService - Conversion list is called with id 
2021-11-01 20:34:12 TRACE [com.openpayd.exchange.service.ConversionService|main] com.openpayd.exchange.service.ConversionService - [Conversion(id=1, amount=100.0, source=TRY, target=GBP, createdDate=2021-01-01)] 
2021-11-01 20:34:12 DEBUG [com.openpayd.exchange.service.ConversionService|main] com.openpayd.exchange.service.ConversionService - Conversion list is called with date 
2021-11-01 20:34:12 DEBUG [com.openpayd.exchange.service.CurrencyProviderService|main] com.openpayd.exchange.service.CurrencyProviderService - Get rate response: AmountConversion(date=2018-02-22, result=1000.0) 
2021-11-01 20:34:12 DEBUG [com.openpayd.exchange.service.RateService|main] com.openpayd.exchange.service.RateService - currency response: Currency(base=USD, date=2021-01-01, rates={TRY=1000.0}) 
2021-11-01 20:34:12 ERROR [com.openpayd.exchange.service.CurrencyProviderService|main] com.openpayd.exchange.service.CurrencyProviderService - null 
2021-11-01 20:34:12 DEBUG [com.openpayd.exchange.service.CurrencyProviderService|main] com.openpayd.exchange.service.CurrencyProviderService - Get rate response: Currency(base=USD, date=2021-10-31, rates={TRY=9.72}) 
2021-11-01 20:34:12 DEBUG [com.openpayd.exchange.service.RateService|main] com.openpayd.exchange.service.RateService - currency response: Currency(base=USD, date=2021-10-31, rates={TRY=9.72}) 
2021-11-01 20:34:12 INFO  [com.openpayd.exchange.ExchangeApiApplicationTests|main] com.openpayd.exchange.ExchangeApiApplicationTests - Starting ExchangeApiApplicationTests using Java 11.0.7 on CLAIRIST1-00063 with PID 17600 (started by zafer.duzen in C:\Users\zafer.duzen\projects\ExchangeApi) 
2021-11-01 20:34:12 DEBUG [com.openpayd.exchange.ExchangeApiApplicationTests|main] com.openpayd.exchange.ExchangeApiApplicationTests - Running with Spring Boot v2.5.6, Spring v5.3.12 
2021-11-01 20:34:12 INFO  [com.openpayd.exchange.ExchangeApiApplicationTests|main] com.openpayd.exchange.ExchangeApiApplicationTests - No active profile set, falling back to default profiles: default 
2021-11-01 20:34:15 INFO  [com.openpayd.exchange.ExchangeApiApplicationTests|main] com.openpayd.exchange.ExchangeApiApplicationTests - Started ExchangeApiApplicationTests in 2.84 seconds (JVM running for 19.46) 
2021-11-01 20:56:26 DEBUG [com.openpayd.exchange.service.ConversionService|main] com.openpayd.exchange.service.ConversionService - Conversion list is called with id 
2021-11-01 20:56:26 TRACE [com.openpayd.exchange.service.ConversionService|main] com.openpayd.exchange.service.ConversionService - [Conversion(id=1, amount=1000.0, source=USD, target=TRY, createdDate=Mon Nov 01 20:56:26 EET 2021)] 
2021-11-01 21:11:52 DEBUG [com.openpayd.exchange.service.ConversionService|main] com.openpayd.exchange.service.ConversionService - Conversion list is called with id 
2021-11-01 21:11:52 TRACE [com.openpayd.exchange.service.ConversionService|main] com.openpayd.exchange.service.ConversionService - [] 
2021-11-01 21:12:23 DEBUG [com.openpayd.exchange.service.ConversionService|main] com.openpayd.exchange.service.ConversionService - Conversion list is called with date 
2021-11-01 21:12:37 DEBUG [com.openpayd.exchange.service.ConversionService|main] com.openpayd.exchange.service.ConversionService - Conversion list is called with date 
2021-11-01 21:29:53 INFO  [com.openpayd.exchange.controller.ConversionControllerITest|main] com.openpayd.exchange.controller.ConversionControllerITest - Starting ConversionControllerITest using Java 11.0.7 on CLAIRIST1-00063 with PID 33520 (started by zafer.duzen in C:\Users\zafer.duzen\projects\ExchangeApi) 
2021-11-01 21:29:53 DEBUG [com.openpayd.exchange.controller.ConversionControllerITest|main] com.openpayd.exchange.controller.ConversionControllerITest - Running with Spring Boot v2.5.6, Spring v5.3.12 
2021-11-01 21:29:53 INFO  [com.openpayd.exchange.controller.ConversionControllerITest|main] com.openpayd.exchange.controller.ConversionControllerITest - No active profile set, falling back to default profiles: default 
2021-11-01 21:30:03 INFO  [com.openpayd.exchange.controller.ConversionControllerITest|main] com.openpayd.exchange.controller.ConversionControllerITest - Started ConversionControllerITest in 10.984 seconds (JVM running for 14.089) 
2021-11-01 21:30:03 DEBUG [com.openpayd.exchange.service.ConversionService|main] com.openpayd.exchange.service.ConversionService - Conversion list is called with date 
2021-11-01 21:30:04 ERROR [com.openpayd.exchange.service.CurrencyProviderService|main] com.openpayd.exchange.service.CurrencyProviderService - null 
2021-11-01 21:30:04 DEBUG [com.openpayd.exchange.service.ConversionService|main] com.openpayd.exchange.service.ConversionService - Conversion list is called with id 
2021-11-01 21:30:04 TRACE [com.openpayd.exchange.service.ConversionService|main] com.openpayd.exchange.service.ConversionService - [Conversion(id=1, amount=100.0, source=TRY, target=GBP, createdDate=2021-01-01)] 
2021-11-01 21:30:04 DEBUG [com.openpayd.exchange.service.ConversionService|main] com.openpayd.exchange.service.ConversionService - Conversion list is called with date 
2021-11-01 21:30:04 DEBUG [com.openpayd.exchange.service.CurrencyProviderService|main] com.openpayd.exchange.service.CurrencyProviderService - Get rate response: AmountConversion(date=2018-02-22, result=1000.0) 
2021-11-01 21:30:04 DEBUG [com.openpayd.exchange.service.RateService|main] com.openpayd.exchange.service.RateService - currency response: Currency(base=USD, date=2021-01-01, rates={TRY=1000.0}) 
2021-11-01 21:30:04 ERROR [com.openpayd.exchange.service.CurrencyProviderService|main] com.openpayd.exchange.service.CurrencyProviderService - null 
2021-11-01 21:30:04 DEBUG [com.openpayd.exchange.service.CurrencyProviderService|main] com.openpayd.exchange.service.CurrencyProviderService - Get rate response: Currency(base=USD, date=2021-10-31, rates={TRY=9.72}) 
2021-11-01 21:30:04 DEBUG [com.openpayd.exchange.service.RateService|main] com.openpayd.exchange.service.RateService - currency response: Currency(base=USD, date=2021-10-31, rates={TRY=9.72}) 
2021-11-01 21:30:04 DEBUG [com.openpayd.exchange.service.ConversionService|main] com.openpayd.exchange.service.ConversionService - Conversion list is called with date 
2021-11-01 21:30:04 DEBUG [com.openpayd.exchange.service.ConversionService|main] com.openpayd.exchange.service.ConversionService - Conversion list is called with id 
2021-11-01 21:30:04 TRACE [com.openpayd.exchange.service.ConversionService|main] com.openpayd.exchange.service.ConversionService - [Conversion(id=1, amount=1000.0, source=USD, target=TRY, createdDate=Mon Nov 01 21:30:04 EET 2021)] 
2021-11-01 21:30:05 INFO  [com.openpayd.exchange.ExchangeApiApplicationTests|main] com.openpayd.exchange.ExchangeApiApplicationTests - Starting ExchangeApiApplicationTests using Java 11.0.7 on CLAIRIST1-00063 with PID 33520 (started by zafer.duzen in C:\Users\zafer.duzen\projects\ExchangeApi) 
2021-11-01 21:30:05 DEBUG [com.openpayd.exchange.ExchangeApiApplicationTests|main] com.openpayd.exchange.ExchangeApiApplicationTests - Running with Spring Boot v2.5.6, Spring v5.3.12 
2021-11-01 21:30:05 INFO  [com.openpayd.exchange.ExchangeApiApplicationTests|main] com.openpayd.exchange.ExchangeApiApplicationTests - No active profile set, falling back to default profiles: default 
2021-11-01 21:30:07 INFO  [com.openpayd.exchange.ExchangeApiApplicationTests|main] com.openpayd.exchange.ExchangeApiApplicationTests - Started ExchangeApiApplicationTests in 2.596 seconds (JVM running for 18.199) 
2021-11-01 21:31:53 INFO  [com.openpayd.exchange.controller.ConversionControllerITest|main] com.openpayd.exchange.controller.ConversionControllerITest - Starting ConversionControllerITest using Java 11.0.7 on CLAIRIST1-00063 with PID 34756 (started by zafer.duzen in C:\Users\zafer.duzen\projects\ExchangeApi) 
2021-11-01 21:31:53 DEBUG [com.openpayd.exchange.controller.ConversionControllerITest|main] com.openpayd.exchange.controller.ConversionControllerITest - Running with Spring Boot v2.5.6, Spring v5.3.12 
2021-11-01 21:31:53 INFO  [com.openpayd.exchange.controller.ConversionControllerITest|main] com.openpayd.exchange.controller.ConversionControllerITest - No active profile set, falling back to default profiles: default 
2021-11-01 21:32:03 INFO  [com.openpayd.exchange.controller.ConversionControllerITest|main] com.openpayd.exchange.controller.ConversionControllerITest - Started ConversionControllerITest in 11.096 seconds (JVM running for 14.163) 
2021-11-01 21:32:03 DEBUG [com.openpayd.exchange.service.ConversionService|main] com.openpayd.exchange.service.ConversionService - Conversion list is called with date 
2021-11-01 21:32:04 ERROR [com.openpayd.exchange.service.CurrencyProviderService|main] com.openpayd.exchange.service.CurrencyProviderService - null 
2021-11-01 21:32:04 DEBUG [com.openpayd.exchange.service.ConversionService|main] com.openpayd.exchange.service.ConversionService - Conversion list is called with id 
2021-11-01 21:32:04 TRACE [com.openpayd.exchange.service.ConversionService|main] com.openpayd.exchange.service.ConversionService - [Conversion(id=1, amount=100.0, source=TRY, target=GBP, createdDate=2021-01-01)] 
2021-11-01 21:32:04 DEBUG [com.openpayd.exchange.service.ConversionService|main] com.openpayd.exchange.service.ConversionService - Conversion list is called with date 
2021-11-01 21:32:04 DEBUG [com.openpayd.exchange.service.CurrencyProviderService|main] com.openpayd.exchange.service.CurrencyProviderService - Get rate response: AmountConversion(date=2018-02-22, result=1000.0) 
2021-11-01 21:32:04 DEBUG [com.openpayd.exchange.service.RateService|main] com.openpayd.exchange.service.RateService - currency response: Currency(base=USD, date=2021-01-01, rates={TRY=1000.0}) 
2021-11-01 21:32:04 ERROR [com.openpayd.exchange.service.CurrencyProviderService|main] com.openpayd.exchange.service.CurrencyProviderService - null 
2021-11-01 21:32:04 DEBUG [com.openpayd.exchange.service.CurrencyProviderService|main] com.openpayd.exchange.service.CurrencyProviderService - Get rate response: Currency(base=USD, date=2021-10-31, rates={TRY=9.72}) 
2021-11-01 21:32:04 DEBUG [com.openpayd.exchange.service.RateService|main] com.openpayd.exchange.service.RateService - currency response: Currency(base=USD, date=2021-10-31, rates={TRY=9.72}) 
2021-11-01 21:32:04 DEBUG [com.openpayd.exchange.service.ConversionService|main] com.openpayd.exchange.service.ConversionService - Conversion list is called with date 
2021-11-01 21:32:05 DEBUG [com.openpayd.exchange.service.ConversionService|main] com.openpayd.exchange.service.ConversionService - Conversion list is called with id 
2021-11-01 21:32:05 TRACE [com.openpayd.exchange.service.ConversionService|main] com.openpayd.exchange.service.ConversionService - [Conversion(id=1, amount=1000.0, source=USD, target=TRY, createdDate=Mon Nov 01 21:32:05 EET 2021)] 
2021-11-01 21:32:05 INFO  [com.openpayd.exchange.ExchangeApiApplicationTests|main] com.openpayd.exchange.ExchangeApiApplicationTests - Starting ExchangeApiApplicationTests using Java 11.0.7 on CLAIRIST1-00063 with PID 34756 (started by zafer.duzen in C:\Users\zafer.duzen\projects\ExchangeApi) 
2021-11-01 21:32:05 DEBUG [com.openpayd.exchange.ExchangeApiApplicationTests|main] com.openpayd.exchange.ExchangeApiApplicationTests - Running with Spring Boot v2.5.6, Spring v5.3.12 
2021-11-01 21:32:05 INFO  [com.openpayd.exchange.ExchangeApiApplicationTests|main] com.openpayd.exchange.ExchangeApiApplicationTests - No active profile set, falling back to default profiles: default 
2021-11-01 21:32:07 INFO  [com.openpayd.exchange.ExchangeApiApplicationTests|main] com.openpayd.exchange.ExchangeApiApplicationTests - Started ExchangeApiApplicationTests in 2.422 seconds (JVM running for 17.923) 
2021-11-01 21:35:39 INFO  [com.openpayd.exchange.ExchangeApiApplicationTests|main] com.openpayd.exchange.ExchangeApiApplicationTests - Starting ExchangeApiApplicationTests using Java 11.0.7 on CLAIRIST1-00063 with PID 11276 (started by zafer.duzen in C:\Users\zafer.duzen\projects\ExchangeApi) 
2021-11-01 21:35:39 DEBUG [com.openpayd.exchange.ExchangeApiApplicationTests|main] com.openpayd.exchange.ExchangeApiApplicationTests - Running with Spring Boot v2.5.6, Spring v5.3.12 
2021-11-01 21:35:39 INFO  [com.openpayd.exchange.ExchangeApiApplicationTests|main] com.openpayd.exchange.ExchangeApiApplicationTests - No active profile set, falling back to default profiles: default 
2021-11-01 21:35:48 INFO  [com.openpayd.exchange.ExchangeApiApplicationTests|main] com.openpayd.exchange.ExchangeApiApplicationTests - Started ExchangeApiApplicationTests in 9.772 seconds (JVM running for 12.274) 
